\BOOKMARK [0][-]{chapter.1}{\376\377\000B\000e\000v\000e\000z\000e\000t\000\351\000s}{}% 1
\BOOKMARK [0][-]{chapter.2}{\376\377\000C\000s\000a\000p\000a\000t\000m\000u\000n\000k\000a}{}% 2
\BOOKMARK [1][-]{section.2.1}{\376\377\000C\000s\000a\000p\000a\000t\000m\000u\000n\000k\000a\000\040\000\351\000s\000\040\000K\000o\000m\000m\000u\000n\000i\000k\000\341\000c\000i\000\363}{chapter.2}% 3
\BOOKMARK [0][-]{chapter.3}{\376\377\000T\000e\000c\000h\000n\000o\000l\000\363\000g\000i\000a\000i\000\040\000v\000\341\000l\000a\000s\000z\000t\000\341\000s\000o\000k\000\040\000\351\000s\000\040\000f\000e\000j\000l\000e\000s\000z\000t\001\121\000i\000\040\000e\000s\000z\000k\000\366\000z\000\366\000k}{}% 4
\BOOKMARK [1][-]{section.3.1}{\376\377\000T\000e\000c\000h\000n\000o\000l\000\363\000g\000i\000a\000i\000\040\000v\000\341\000l\000a\000s\000z\000t\000\341\000s\000o\000k}{chapter.3}% 5
\BOOKMARK [1][-]{section.3.2}{\376\377\000F\000e\000j\000l\000e\000s\000z\000t\001\121\000i\000\040\000e\000s\000z\000k\000\366\000z\000\366\000k}{chapter.3}% 6
\BOOKMARK [1][-]{section.3.3}{\376\377\000K\000\374\000l\000s\001\121\000\040\000c\000s\000o\000m\000a\000g\000o\000k\000\040\000\351\000s\000\040\000f\000\374\000g\000g\001\121\000s\000\351\000g\000e\000k}{chapter.3}% 7
\BOOKMARK [1][-]{section.3.4}{\376\377\000E\000g\000y\000\351\000b\000\040\000e\000s\000z\000k\000\366\000z\000\366\000k\000\040\000\351\000s\000\040\000s\000e\000g\000\351\000d\000p\000r\000o\000g\000r\000a\000m\000o\000k}{chapter.3}% 8
\BOOKMARK [0][-]{chapter.4}{\376\377\000T\000e\000l\000e\000p\000\355\000t\000\351\000s\000\040\000\351\000s\000\040\000k\000o\000n\000f\000i\000g\000u\000r\000\341\000c\000i\000\363}{}% 9
\BOOKMARK [1][-]{section.4.1}{\376\377\000S\000z\000e\000r\000v\000e\000r\000\040\000B\000e\000\341\000l\000l\000\355\000t\000\341\000s\000o\000k}{chapter.4}% 10
\BOOKMARK [2][-]{subsection.4.1.1}{\376\377\000E\000l\001\121\000f\000e\000l\000t\000\351\000t\000e\000l\000e\000k}{section.4.1}% 11
\BOOKMARK [2][-]{subsection.4.1.2}{\376\377\000A\000d\000a\000t\000b\000\341\000z\000i\000s\000\040\000T\000e\000l\000e\000p\000\355\000t\000\351\000s\000e}{section.4.1}% 12
\BOOKMARK [2][-]{subsection.4.1.3}{\376\377\000S\000z\000e\000r\000v\000e\000r\000\040\000B\000e\000\341\000l\000l\000\355\000t\000\341\000s\000a}{section.4.1}% 13
\BOOKMARK [2][-]{subsection.4.1.4}{\376\377\000N\000u\000G\000e\000t\000\040\000F\000\374\000g\000g\001\121\000s\000\351\000g\000e\000k\000\040\000T\000e\000l\000e\000p\000\355\000t\000\351\000s\000e}{section.4.1}% 14
\BOOKMARK [2][-]{subsection.4.1.5}{\376\377\000P\000r\000o\000j\000e\000k\000t\000\040\000F\000u\000t\000t\000a\000t\000\341\000s\000a}{section.4.1}% 15
\BOOKMARK [0][-]{chapter.5}{\376\377\000B\000a\000c\000k\000e\000n\000d\000\040\000d\000o\000k\000u\000m\000e\000n\000t\000\341\000c\000i\000\363\000j\000a}{}% 16
\BOOKMARK [1][-]{section.5.1}{\376\377\000A\000d\000a\000t\000b\000\341\000z\000i\000s\000\040\000f\000e\000l\000\351\000p\000\355\000t\000\351\000s\000e}{chapter.5}% 17
\BOOKMARK [1][-]{section.5.2}{\376\377\000F\000\341\000j\000l\000s\000t\000r\000u\000k\000t\000\372\000r\000a}{chapter.5}% 18
\BOOKMARK [2][-]{subsection.5.2.1}{\376\377\000R\000o\000o\000t\000\040\000k\000\366\000n\000y\000v\000t\000\341\000r}{section.5.2}% 19
\BOOKMARK [2][-]{subsection.5.2.2}{\376\377\000D\000e\000p\000e\000n\000d\000e\000n\000c\000i\000e\000s}{section.5.2}% 20
\BOOKMARK [2][-]{subsection.5.2.3}{\376\377\000w\000w\000w\000r\000o\000o\000t}{section.5.2}% 21
\BOOKMARK [2][-]{subsection.5.2.4}{\376\377\000C\000o\000n\000f\000i\000g\000u\000r\000a\000t\000i\000o\000n\000s}{section.5.2}% 22
\BOOKMARK [2][-]{subsection.5.2.5}{\376\377\000C\000o\000n\000t\000e\000x\000t}{section.5.2}% 23
\BOOKMARK [2][-]{subsection.5.2.6}{\376\377\000C\000o\000n\000t\000r\000o\000l\000l\000e\000r\000s}{section.5.2}% 24
\BOOKMARK [2][-]{subsection.5.2.7}{\376\377\000D\000T\000O}{section.5.2}% 25
\BOOKMARK [2][-]{subsection.5.2.8}{\376\377\000H\000e\000l\000p\000e\000r\000s}{section.5.2}% 26
\BOOKMARK [2][-]{subsection.5.2.9}{\376\377\000I\000n\000t\000e\000r\000f\000a\000c\000e\000s}{section.5.2}% 27
\BOOKMARK [2][-]{subsection.5.2.10}{\376\377\000M\000a\000p\000p\000i\000n\000g\000s}{section.5.2}% 28
\BOOKMARK [2][-]{subsection.5.2.11}{\376\377\000M\000i\000g\000r\000a\000t\000i\000o\000n\000s}{section.5.2}% 29
\BOOKMARK [2][-]{subsection.5.2.12}{\376\377\000M\000o\000d\000e\000l\000s}{section.5.2}% 30
\BOOKMARK [2][-]{subsection.5.2.13}{\376\377\000S\000e\000r\000v\000i\000c\000e\000s}{section.5.2}% 31
\BOOKMARK [1][-]{section.5.3}{\376\377\000O\000s\000z\000t\000\341\000l\000y\000o\000k}{chapter.5}% 32
\BOOKMARK [2][-]{subsection.5.3.1}{\376\377\000C\000a\000r\000M\000a\000k\000e\000r\000S\000e\000r\000v\000i\000c\000e\000\040\000o\000s\000z\000t\000\341\000l\000y}{section.5.3}% 33
\BOOKMARK [2][-]{subsection.5.3.2}{\376\377\000C\000a\000r\000M\000a\000k\000e\000r\000S\000e\000r\000v\000i\000c\000e\000\040\000i\000m\000p\000l\000e\000m\000e\000n\000t\000\341\000c\000i\000\363\000j\000a}{section.5.3}% 34
\BOOKMARK [2][-]{subsection.5.3.3}{\376\377\000C\000a\000r\000M\000e\000t\000a\000d\000a\000t\000a\000S\000e\000r\000v\000i\000c\000e\000\040\000o\000s\000z\000t\000\341\000l\000y}{section.5.3}% 35
\BOOKMARK [2][-]{subsection.5.3.4}{\376\377\000C\000a\000r\000M\000a\000k\000e\000r\000S\000e\000r\000v\000i\000c\000e\000\040\000i\000m\000p\000l\000e\000m\000e\000n\000t\000\341\000c\000i\000\363\000j\000a}{section.5.3}% 36
\BOOKMARK [2][-]{subsection.5.3.5}{\376\377\000C\000a\000r\000M\000o\000d\000e\000l\000S\000e\000r\000v\000i\000c\000e\000\040\000o\000s\000z\000t\000\341\000l\000y}{section.5.3}% 37
\BOOKMARK [2][-]{subsection.5.3.6}{\376\377\000C\000a\000r\000S\000e\000r\000v\000i\000c\000e\000\040\000o\000s\000z\000t\000\341\000l\000y}{section.5.3}% 38
\BOOKMARK [2][-]{subsection.5.3.7}{\376\377\000E\000m\000p\000l\000o\000y\000e\000e\000L\000o\000c\000a\000t\000i\000o\000n\000S\000e\000r\000v\000i\000c\000e\000\040\000o\000s\000z\000t\000\341\000l\000y}{section.5.3}% 39
\BOOKMARK [2][-]{subsection.5.3.8}{\376\377\000E\000m\000p\000l\000o\000y\000e\000e\000L\000o\000c\000a\000t\000i\000o\000n\000S\000e\000r\000v\000i\000c\000e\000\040\000i\000m\000p\000l\000e\000m\000e\000n\000t\000\341\000c\000i\000\363\000j\000a}{section.5.3}% 40
\BOOKMARK [2][-]{subsection.5.3.9}{\376\377\000E\000n\000g\000i\000n\000e\000S\000i\000z\000e\000S\000e\000r\000v\000i\000c\000e\000\040\000o\000s\000z\000t\000\341\000l\000y}{section.5.3}% 41
\BOOKMARK [2][-]{subsection.5.3.10}{\376\377\000E\000n\000g\000i\000n\000e\000S\000i\000z\000e\000S\000e\000r\000v\000i\000c\000e\000\040\000i\000m\000p\000l\000e\000m\000e\000n\000t\000\341\000c\000i\000\363\000j\000a}{section.5.3}% 42
\BOOKMARK [2][-]{subsection.5.3.11}{\376\377\000I\000m\000a\000g\000e\000S\000e\000r\000v\000i\000c\000e\000\040\000o\000s\000z\000t\000\341\000l\000y}{section.5.3}% 43
\BOOKMARK [2][-]{subsection.5.3.12}{\376\377\000I\000m\000a\000g\000e\000S\000e\000r\000v\000i\000c\000e\000\040\000i\000m\000p\000l\000e\000m\000e\000n\000t\000\341\000c\000i\000\363\000j\000a}{section.5.3}% 44
\BOOKMARK [2][-]{subsection.5.3.13}{\376\377\000J\000W\000T\000S\000e\000r\000v\000i\000c\000e\000\040\000o\000s\000z\000t\000\341\000l\000y}{section.5.3}% 45
\BOOKMARK [2][-]{subsection.5.3.14}{\376\377\000J\000W\000T\000S\000e\000r\000v\000i\000c\000e\000\040\000i\000m\000p\000l\000e\000m\000e\000n\000t\000\341\000c\000i\000\363\000j\000a}{section.5.3}% 46
\BOOKMARK [2][-]{subsection.5.3.15}{\376\377\000M\000e\000s\000s\000a\000g\000e\000S\000e\000r\000v\000i\000c\000e\000\040\000o\000s\000z\000t\000\341\000l\000y}{section.5.3}% 47
\BOOKMARK [2][-]{subsection.5.3.16}{\376\377\000M\000e\000s\000s\000a\000g\000e\000S\000e\000r\000v\000i\000c\000e\000\040\000i\000m\000p\000l\000e\000m\000e\000n\000t\000\341\000c\000i\000\363\000j\000a}{section.5.3}% 48
\BOOKMARK [1][-]{section.5.4}{\376\377\000B\000e\000v\000e\000z\000e\000t\000\351\000s}{chapter.5}% 49
\BOOKMARK [1][-]{section.5.5}{\376\377\000T\000e\000s\000z\000t\000k\000\366\000r\000n\000y\000e\000z\000e\000t}{chapter.5}% 50
\BOOKMARK [2][-]{subsection.5.5.1}{\376\377\000H\000a\000s\000z\000n\000\341\000l\000t\000\040\000t\000e\000c\000h\000n\000o\000l\000\363\000g\000i\000\341\000k}{section.5.5}% 51
\BOOKMARK [2][-]{subsection.5.5.2}{\376\377\000T\000e\000s\000z\000t\000e\000l\000\351\000s\000i\000\040\000i\000n\000f\000r\000a\000s\000t\000r\000u\000k\000t\000\372\000r\000a}{section.5.5}% 52
\BOOKMARK [1][-]{section.5.6}{\376\377\000T\000e\000s\000z\000t\000e\000s\000e\000t\000e\000k}{chapter.5}% 53
\BOOKMARK [2][-]{subsection.5.6.1}{\376\377\000C\000r\000e\000a\000t\000e\000L\000o\000c\000a\000t\000i\000o\000n\000A\000s\000y\000n\000c\000\040\000-\000\040\000H\000e\000l\000y\000s\000z\000\355\000n\000\040\000l\000\351\000t\000r\000e\000h\000o\000z\000\341\000s\000a\000\040\000\050\000p\000r\000e\000f\000e\000k\000t\000\372\000r\000a\000\040\000n\000e\000m\000\040\000t\000a\000l\000\341\000l\000h\000a\000t\000\363\000\051}{section.5.6}% 54
\BOOKMARK [2][-]{subsection.5.6.2}{\376\377\000D\000e\000l\000e\000t\000e\000L\000o\000c\000a\000t\000i\000o\000n\000A\000s\000y\000n\000c\000\040\000-\000\040\000H\000e\000l\000y\000s\000z\000\355\000n\000\040\000t\000\366\000r\000l\000\351\000s\000e\000\040\000\050\000n\000e\000m\000\040\000t\000a\000l\000\341\000l\000h\000a\000t\000\363\000\051}{section.5.6}% 55
\BOOKMARK [2][-]{subsection.5.6.3}{\376\377\000D\000e\000l\000e\000t\000e\000L\000o\000c\000a\000t\000i\000o\000n\000A\000s\000y\000n\000c\000\040\000-\000\040\000H\000e\000l\000y\000s\000z\000\355\000n\000\040\000t\000\366\000r\000l\000\351\000s\000e\000\040\000\050\000s\000i\000k\000e\000r\000e\000s\000\051}{section.5.6}% 56
\BOOKMARK [2][-]{subsection.5.6.4}{\376\377\000G\000e\000t\000A\000l\000l\000L\000o\000c\000a\000t\000i\000o\000n\000s\000A\000s\000y\000n\000c\000\040\000-\000\040\000A\000z\000\040\000\366\000s\000s\000z\000e\000s\000\040\000h\000e\000l\000y\000s\000z\000\355\000n\000\040\000l\000e\000k\000\351\000r\000d\000e\000z\000\351\000s\000e}{section.5.6}% 57
\BOOKMARK [2][-]{subsection.5.6.5}{\376\377\000G\000e\000t\000L\000o\000c\000a\000t\000i\000o\000n\000B\000y\000I\000d\000A\000s\000y\000n\000c\000\040\000-\000\040\000T\000\366\000b\000b\000\040\000e\000s\000e\000t\000\040\000k\000e\000z\000e\000l\000\351\000s\000e}{section.5.6}% 58
\BOOKMARK [2][-]{subsection.5.6.6}{\376\377\000G\000e\000t\000L\000o\000c\000a\000t\000i\000o\000n\000B\000y\000I\000d\000A\000s\000y\000n\000c\000\040\000-\000\040\000H\000e\000l\000y\000s\000z\000\355\000n\000\040\000l\000e\000k\000\351\000r\000d\000e\000z\000\351\000s\000e\000\040\000a\000z\000o\000n\000o\000s\000\355\000t\000\363\000\040\000a\000l\000a\000p\000j\000\341\000n\000\040\000\050\000m\000e\000g\000t\000a\000l\000\341\000l\000v\000a\000\051}{section.5.6}% 59
\BOOKMARK [2][-]{subsection.5.6.7}{\376\377\000G\000e\000t\000L\000o\000c\000a\000t\000i\000o\000n\000B\000y\000I\000d\000A\000s\000y\000n\000c\000\040\000-\000\040\000H\000e\000l\000y\000s\000z\000\355\000n\000\040\000l\000e\000k\000\351\000r\000d\000e\000z\000\351\000s\000e\000\040\000a\000z\000o\000n\000o\000s\000\355\000t\000\363\000\040\000a\000l\000a\000p\000j\000\341\000n\000\040\000\050\000n\000e\000m\000\040\000t\000a\000l\000\341\000l\000h\000a\000t\000\363\000\051}{section.5.6}% 60
\BOOKMARK [2][-]{subsection.5.6.8}{\376\377\000G\000e\000t\000L\000o\000c\000a\000t\000i\000o\000n\000B\000y\000I\000d\000A\000s\000y\000n\000c\000\040\000-\000\040\000H\000e\000l\000y\000s\000z\000\355\000n\000\040\000l\000e\000k\000\351\000r\000d\000e\000z\000\351\000s\000e\000\040\000a\000z\000o\000n\000o\000s\000\355\000t\000\363\000\040\000a\000l\000a\000p\000j\000\341\000n\000\040\000\050\000n\000e\000m\000\040\000t\000a\000l\000\341\000l\000h\000a\000t\000\363\000\051}{section.5.6}% 61
\BOOKMARK [2][-]{subsection.5.6.9}{\376\377\000U\000p\000d\000a\000t\000e\000L\000o\000c\000a\000t\000i\000o\000n\000A\000s\000y\000n\000c\000\040\000-\000\040\000H\000e\000l\000y\000s\000z\000\355\000n\000\040\000f\000r\000i\000s\000s\000\355\000t\000\351\000s\000e\000\040\000\050\000n\000e\000m\000\040\000t\000a\000l\000\341\000l\000h\000a\000t\000\363\000\051}{section.5.6}% 62
\BOOKMARK [2][-]{subsection.5.6.10}{\376\377\000G\000e\000t\000C\000a\000r\000U\000s\000a\000g\000e\000I\000n\000L\000o\000c\000a\000t\000i\000o\000n\000A\000s\000y\000n\000c\000\040\000-\000\040\000A\000u\000t\000\363\000k\000\040\000k\000a\000p\000a\000c\000i\000t\000\341\000s\000\040\000t\000e\000l\000\355\000t\000e\000t\000t\000s\000\351\000g\000e\000\040\000e\000g\000y\000\040\000h\000e\000l\000y\000s\000z\000\355\000n\000e\000n}{section.5.6}% 63
\BOOKMARK [1][-]{section.5.7}{\376\377\000A\000P\000I\000\040\000V\000\351\000g\000p\000o\000n\000t\000o\000k}{chapter.5}% 64
\BOOKMARK [2][-]{subsection.5.7.1}{\376\377\000A\000u\000t\000\363\000v\000a\000l\000\040\000k\000a\000p\000c\000s\000o\000l\000a\000t\000o\000s\000\040\000v\000\351\000g\000p\000o\000n\000t\000o\000k}{section.5.7}% 65
\BOOKMARK [2][-]{subsection.5.7.2}{\376\377\000A\000u\000t\000\363\000\040\000g\000y\000\341\000r\000t\000\363\000v\000a\000l\000\040\000k\000a\000p\000c\000s\000o\000l\000a\000t\000o\000s\000\040\000v\000\351\000g\000p\000o\000n\000t\000o\000k}{section.5.7}% 66
\BOOKMARK [2][-]{subsection.5.7.3}{\376\377\000A\000u\000t\000\363\000\040\000m\000e\000t\000a\000a\000d\000a\000t\000o\000k\000k\000a\000l\000\040\000k\000a\000p\000c\000s\000o\000l\000a\000t\000o\000s\000\040\000v\000\351\000g\000p\000o\000n\000t\000o\000k}{section.5.7}% 67
\BOOKMARK [2][-]{subsection.5.7.4}{\376\377\000A\000u\000t\000\363\000m\000o\000d\000e\000l\000l\000e\000k\000k\000e\000l\000\040\000k\000a\000p\000c\000s\000o\000l\000a\000t\000o\000s\000\040\000v\000\351\000g\000p\000o\000n\000t\000o\000k}{section.5.7}% 68
\BOOKMARK [2][-]{subsection.5.7.5}{\376\377\000A\000l\000k\000a\000l\000m\000a\000z\000o\000t\000t\000i\000\040\000h\000e\000l\000y\000s\000z\000\355\000n\000e\000k\000k\000e\000l\000\040\000k\000a\000p\000c\000s\000o\000l\000a\000t\000o\000s\000\040\000v\000\351\000g\000p\000o\000n\000t\000o\000k}{section.5.7}% 69
\BOOKMARK [2][-]{subsection.5.7.6}{\376\377\000M\000o\000t\000o\000r\000t\000\355\000p\000u\000s\000o\000k\000k\000a\000l\000\040\000k\000a\000p\000c\000s\000o\000l\000a\000t\000o\000s\000\040\000v\000\351\000g\000p\000o\000n\000t\000o\000k}{section.5.7}% 70
\BOOKMARK [2][-]{subsection.5.7.7}{\376\377\000K\000\351\000p\000k\000e\000z\000e\000l\000\351\000s\000s\000e\000l\000\040\000k\000a\000p\000c\000s\000o\000l\000a\000t\000o\000s\000\040\000v\000\351\000g\000p\000o\000n\000t\000o\000k}{section.5.7}% 71
\BOOKMARK [2][-]{subsection.5.7.8}{\376\377\000T\000e\000l\000e\000p\000h\000e\000l\000y\000e\000k\000k\000e\000l\000\040\000k\000a\000p\000c\000s\000o\000l\000a\000t\000o\000s\000\040\000v\000\351\000g\000p\000o\000n\000t\000o\000k}{section.5.7}% 72
\BOOKMARK [2][-]{subsection.5.7.9}{\376\377\000\334\000z\000e\000n\000e\000t\000e\000k\000k\000e\000l\000\040\000k\000a\000p\000c\000s\000o\000l\000a\000t\000o\000s\000\040\000v\000\351\000g\000p\000o\000n\000t\000o\000k}{section.5.7}% 73
\BOOKMARK [2][-]{subsection.5.7.10}{\376\377\000F\000o\000g\000l\000a\000l\000\341\000s\000o\000k\000k\000a\000l\000\040\000k\000a\000p\000c\000s\000o\000l\000a\000t\000o\000s\000\040\000v\000\351\000g\000p\000o\000n\000t\000o\000k}{section.5.7}% 74
\BOOKMARK [2][-]{subsection.5.7.11}{\376\377\000M\000e\000n\000t\000e\000t\000t\000\040\000a\000u\000t\000\363\000k\000k\000a\000l\000\040\000k\000a\000p\000c\000s\000o\000l\000a\000t\000o\000s\000\040\000v\000\351\000g\000p\000o\000n\000t\000o\000k}{section.5.7}% 75
\BOOKMARK [2][-]{subsection.5.7.12}{\376\377\000F\000e\000l\000h\000a\000s\000z\000n\000\341\000l\000\363\000k\000k\000a\000l\000\040\000k\000a\000p\000c\000s\000o\000l\000a\000t\000o\000s\000\040\000v\000\351\000g\000p\000o\000n\000t\000o\000k}{section.5.7}% 76
\BOOKMARK [0][-]{chapter.6}{\376\377\000W\000P\000F\000\040\000d\000o\000k\000u\000m\000e\000n\000t\000\341\000c\000i\000\363\000j\000a}{}% 77
\BOOKMARK [1][-]{section.6.1}{\376\377\000B\000e\000v\000e\000z\000e\000t\000\351\000s}{chapter.6}% 78
\BOOKMARK [1][-]{section.6.2}{\376\377\000T\000e\000l\000e\000p\000\355\000t\000\351\000s\000\040\000\351\000s\000\040\000K\000o\000n\000f\000i\000g\000u\000r\000\341\000c\000i\000\363}{chapter.6}% 79
\BOOKMARK [2][-]{subsection.6.2.1}{\376\377\000F\000o\000r\000r\000\341\000s\000k\000\363\000d\000\040\000\351\000s\000\040\000F\000o\000r\000d\000\355\000t\000\341\000s}{section.6.2}% 80
\BOOKMARK [2][-]{subsection.6.2.2}{\376\377\000F\000\374\000g\000g\001\121\000s\000\351\000g\000e\000k}{section.6.2}% 81
\BOOKMARK [1][-]{section.6.3}{\376\377\000F\000e\000l\000\351\000p\000\355\000t\000\351\000s\000\040\000\351\000s\000\040\000A\000b\000l\000a\000k\000o\000k}{chapter.6}% 82
\BOOKMARK [2][-]{subsection.6.3.1}{\376\377\000A\000b\000l\000a\000k\000o\000k\000\040\000\050\000W\000i\000n\000d\000o\000w\000s\000\051}{section.6.3}% 83
\BOOKMARK [2][-]{subsection.6.3.2}{\376\377\000O\000l\000d\000a\000l\000a\000k\000\040\000\050\000P\000a\000g\000e\000s\000\051}{section.6.3}% 84
\BOOKMARK [1][-]{section.6.4}{\376\377\000E\000l\000s\001\121\000\040\000i\000n\000d\000\355\000t\000\341\000s\000\040\000\351\000s\000\040\000b\000e\000j\000e\000l\000e\000n\000t\000k\000e\000z\000\351\000s}{chapter.6}% 85
\BOOKMARK [1][-]{section.6.5}{\376\377\000A\000u\000t\000\363\000k\000\040\000k\000e\000z\000e\000l\000\351\000s\000e}{chapter.6}% 86
\BOOKMARK [2][-]{subsection.6.5.1}{\376\377\000\332\000j\000\040\000a\000u\000t\000\363\000\040\000h\000o\000z\000z\000\341\000a\000d\000\341\000s\000a}{section.6.5}% 87
\BOOKMARK [2][-]{subsection.6.5.2}{\376\377\000M\000e\000g\000l\000\351\000v\001\121\000\040\000a\000u\000t\000\363\000\040\000m\000\363\000d\000o\000s\000\355\000t\000\341\000s\000a}{section.6.5}% 88
\BOOKMARK [1][-]{section.6.6}{\376\377\000H\000e\000l\000y\000s\000z\000\355\000n\000e\000k\000\040\000k\000e\000z\000e\000l\000\351\000s\000e}{chapter.6}% 89
\BOOKMARK [2][-]{subsection.6.6.1}{\376\377\000\332\000j\000\040\000t\000e\000l\000e\000p\000h\000e\000l\000y\000\040\000h\000o\000z\000z\000\341\000a\000d\000\341\000s\000a}{section.6.6}% 90
\BOOKMARK [2][-]{subsection.6.6.2}{\376\377\000T\000e\000l\000e\000p\000h\000e\000l\000y\000\040\000m\000\363\000d\000o\000s\000\355\000t\000\341\000s\000a}{section.6.6}% 91
\BOOKMARK [1][-]{section.6.7}{\376\377\000M\000o\000t\000o\000r\000a\000d\000a\000t\000o\000k\000,\000\040\000M\000\341\000r\000k\000\341\000k\000,\000\040\000M\000o\000d\000e\000l\000l\000e\000k\000\040\000s\000z\000e\000r\000k\000e\000s\000z\000t\000\351\000s\000e}{chapter.6}% 92
\BOOKMARK [1][-]{section.6.8}{\376\377\000G\000y\000a\000k\000o\000r\000i\000\040\000h\000i\000b\000\341\000k\000\040\000\351\000s\000\040\000m\000e\000g\000o\000l\000d\000\341\000s\000o\000k}{chapter.6}% 93
\BOOKMARK [2][-]{subsection.6.8.1}{\376\377\000S\000z\000e\000r\000v\000e\000r\000e\000l\000\351\000r\000\351\000s\000i\000\040\000p\000r\000o\000b\000l\000\351\000m\000\341\000k}{section.6.8}% 94
\BOOKMARK [2][-]{subsection.6.8.2}{\376\377\000\311\000r\000v\000\351\000n\000y\000t\000e\000l\000e\000n\000\040\000b\000e\000v\000i\000t\000e\000l\000i\000\040\000a\000d\000a\000t\000o\000k}{section.6.8}% 95
\BOOKMARK [1][-]{section.6.9}{\376\377\000T\000e\000s\000z\000t\000k\000\366\000r\000n\000y\000e\000z\000e\000t}{chapter.6}% 96
\BOOKMARK [1][-]{section.6.10}{\376\377\000T\000e\000s\000z\000t\000\040\000E\000s\000e\000t\000e\000k}{chapter.6}% 97
\BOOKMARK [2][-]{subsection.6.10.1}{\376\377\000\334\000r\000e\000s\000\040\000m\000o\000d\000e\000l\000l\000\040\000n\000\351\000v\000\040\000e\000s\000e\000t\000\351\000n\000\040\000h\000i\000b\000a\000\374\000z\000e\000n\000e\000t}{section.6.10}% 98
\BOOKMARK [2][-]{subsection.6.10.2}{\376\377\000\334\000r\000e\000s\000\040\000h\000e\000l\000y\000s\000z\000\355\000n\000\040\000n\000\351\000v\000\040\000e\000s\000e\000t\000\351\000n\000\040\000h\000i\000b\000a\000\374\000z\000e\000n\000e\000t}{section.6.10}% 99
\BOOKMARK [2][-]{subsection.6.10.3}{\376\377\000N\000i\000n\000c\000s\000\040\000k\000i\000v\000\341\000l\000a\000s\000z\000t\000v\000a\000\040\000p\000r\000e\000f\000e\000k\000t\000\372\000r\000a}{section.6.10}% 100
\BOOKMARK [2][-]{subsection.6.10.4}{\376\377\000\334\000r\000e\000s\000\040\000i\000r\000\341\000n\000y\000\355\000t\000\363\000s\000z\000\341\000m}{section.6.10}% 101
\BOOKMARK [2][-]{subsection.6.10.5}{\376\377\000\334\000r\000e\000s\000\040\000u\000t\000c\000a\000n\000\351\000v\000\040\000e\000s\000e\000t\000\351\000n\000\040\000h\000i\000b\000a\000\374\000z\000e\000n\000e\000t}{section.6.10}% 102
\BOOKMARK [2][-]{subsection.6.10.6}{\376\377\000\311\000r\000v\000\351\000n\000y\000t\000e\000l\000e\000n\000\040\000m\000a\000x\000i\000m\000\341\000l\000i\000s\000\040\000k\000a\000p\000a\000c\000i\000t\000\341\000s}{section.6.10}% 103
\BOOKMARK [2][-]{subsection.6.10.7}{\376\377\000\332\000j\000\040\000f\000e\000l\000h\000a\000s\000z\000n\000\341\000l\000\363\000\040\000l\000\351\000t\000r\000e\000h\000o\000z\000\341\000s\000a\000\040\000n\000\351\000v\000\040\000n\000\351\000l\000k\000\374\000l}{section.6.10}% 104
\BOOKMARK [1][-]{section.6.11}{\376\377\000T\000o\000v\000\341\000b\000b\000i\000\040\000f\000e\000j\000l\000e\000s\000z\000t\000\351\000s\000i\000\040\000t\000e\000r\000v\000e\000k}{chapter.6}% 105
\BOOKMARK [1][-]{section.6.12}{\376\377\000B\000a\000c\000k\000e\000n\000d\000\040\000K\000o\000m\000m\000u\000n\000i\000k\000\341\000c\000i\000\363}{chapter.6}% 106
\BOOKMARK [1][-]{section.6.13}{\376\377\000T\000o\000k\000e\000n\000\040\000F\000r\000i\000s\000s\000\355\000t\000\351\000s\000\040\000\351\000s\000\040\000H\000T\000T\000P\000\040\000K\000\351\000r\000\351\000s\000e\000k\000\040\000K\000e\000z\000e\000l\000\351\000s\000e}{chapter.6}% 107
\BOOKMARK [2][-]{subsection.6.13.1}{\376\377\000T\000o\000k\000e\000n\000R\000e\000f\000r\000e\000s\000h\000H\000t\000t\000p\000H\000a\000n\000d\000l\000e\000r\000\040\040\023\000\040\000K\000\351\000r\000\351\000s\000e\000k\000\040\000\351\000s\000\040\000T\000o\000k\000e\000n\000\040\000F\000r\000i\000s\000s\000\355\000t\000\351\000s\000\040\000K\000e\000z\000e\000l\000\351\000s\000e}{section.6.13}% 108
\BOOKMARK [2][-]{subsection.6.13.2}{\376\377\000H\000t\000t\000p\000C\000l\000i\000e\000n\000t\000S\000e\000r\000v\000i\000c\000e\000\040\040\023\000\040\000H\000T\000T\000P\000\040\000K\000l\000i\000e\000n\000s\000\040\000K\000e\000z\000e\000l\000\351\000s\000e}{section.6.13}% 109
\BOOKMARK [1][-]{section.6.14}{\376\377\000\326\000s\000s\000z\000e\000g\000z\000\351\000s}{chapter.6}% 110
\BOOKMARK [0][-]{chapter.7}{\376\377\000F\000r\000o\000n\000t\000e\000n\000d}{}% 111
\BOOKMARK [1][-]{section.7.1}{\376\377\000T\000e\000l\000e\000p\000\355\000t\000\351\000s\000i\000\040\000\332\000t\000m\000u\000t\000a\000t\000\363}{chapter.7}% 112
\BOOKMARK [1][-]{section.7.2}{\376\377\000E\000l\001\121\000f\000e\000l\000t\000\351\000t\000e\000l\000e\000k}{chapter.7}% 113
\BOOKMARK [1][-]{section.7.3}{\376\377\000A\000l\000k\000a\000l\000m\000a\000z\000\341\000s\000\040\000T\000e\000l\000e\000p\000\355\000t\000\351\000s\000e}{chapter.7}% 114
\BOOKMARK [2][-]{subsection.7.3.1}{\376\377\000N\000a\000v\000i\000g\000\341\000l\000j\000\040\000a\000\040\000f\000r\000o\000n\000t\000e\000n\000d\000\040\000k\000\366\000n\000y\000v\000t\000\341\000r\000b\000a}{section.7.3}% 115
\BOOKMARK [2][-]{subsection.7.3.2}{\376\377\000F\000\374\000g\000g\001\121\000s\000\351\000g\000e\000k\000\040\000t\000e\000l\000e\000p\000\355\000t\000\351\000s\000e}{section.7.3}% 116
\BOOKMARK [2][-]{subsection.7.3.3}{\376\377\000I\000P\000\040\000c\000\355\000m\000\040\000m\000\363\000d\000o\000s\000\355\000t\000\341\000s\000a\000\040\000\050\000h\000a\000\040\000s\000z\000\374\000k\000s\000\351\000g\000e\000s\000\051}{section.7.3}% 117
\BOOKMARK [2][-]{subsection.7.3.4}{\376\377\000F\000u\000t\000t\000a\000s\000d\000\040\000a\000\040\000f\000e\000j\000l\000e\000s\000z\000t\001\121\000i\000\040\000s\000z\000e\000r\000v\000e\000r\000t}{section.7.3}% 118
\BOOKMARK [2][-]{subsection.7.3.5}{\376\377\000F\000r\000o\000n\000t\000e\000n\000d\000\040\000P\000r\000o\000j\000e\000k\000t\000s\000t\000r\000u\000k\000t\000\372\000r\000a}{section.7.3}% 119
\BOOKMARK [1][-]{section.7.4}{\376\377\000H\000i\000t\000e\000l\000e\000s\000\355\000t\000\351\000s\000\040\000\351\000s\000\040\000A\000P\000I\000\040\000k\000o\000n\000f\000i\000g\000u\000r\000\341\000c\000i\000\363}{chapter.7}% 120
\BOOKMARK [0][-]{chapter.8}{\376\377\000Z\000\341\000r\000\363\000\366\000s\000s\000z\000e\000g\000z\000\351\000s}{}% 121
\BOOKMARK [1][-]{section.8.1}{\376\377\000K\000\366\000s\000z\000\366\000n\000e\000t\000n\000y\000i\000l\000v\000\341\000n\000\355\000t\000\341\000s}{chapter.8}% 122
